<?xml version="1.0" encoding="UTF-8"?>
<!-- Generated by org.testng.reporters.JUnitXMLReporter -->
<testsuite hostname="DEEPU-PC" name="Default test" tests="2" failures="0" timestamp="13 Sep 2015 03:38:41 GMT" time="40.484" errors="0">
  <testcase name="createCustomerTest" time="12.948" classname="com.acttime.projectandcusttest.ProjectAndCustomerTest"/>
  <testcase name="modifyCustomerTest" time="12.605" classname="com.acttime.projectandcusttest.ProjectAndCustomerTest"/>
</testsuite> <!-- Default test -->
