<?xml version="1.0" encoding="UTF-8"?>
<!-- Generated by org.testng.reporters.JUnitXMLReporter -->
<testsuite hostname="DEEPU-PC" name="Test" tests="4" failures="0" timestamp="13 Sep 2015 03:51:25 GMT" time="52.264" errors="0">
  <testcase name="createCustomerTest" time="9.51" classname="com.acttime.projectandcusttest.ProjectAndCustomerTest"/>
  <testcase name="modifyCustomerTest" time="12.745" classname="com.acttime.projectandcusttest.ProjectAndCustomerTest"/>
  <testcase name="createReportTest" time="0.0" classname="com.actitime.reporttest.ReportTest"/>
  <testcase name="modifyReportTest" time="0.0" classname="com.actitime.reporttest.ReportTest"/>
</testsuite> <!-- Test -->
